<?xml version="1.0" encoding="UTF-8"?>
<testsuite name="notquitejava.translation.FileTranslationTest" tests="101" skipped="0" failures="0" errors="0" timestamp="2021-02-22T22:14:36" hostname="AHR-MacBook-Pro" time="19.311">
  <properties/>
  <testcase name="testTranslation[testdata/translation/classes/BubbleSort.java]" classname="notquitejava.translation.FileTranslationTest" time="1.335"/>
  <testcase name="testTranslation[testdata/translation/classes/QuickSort.java]" classname="notquitejava.translation.FileTranslationTest" time="0.504"/>
  <testcase name="testTranslation[testdata/translation/classes/QuickSortOO.java]" classname="notquitejava.translation.FileTranslationTest" time="0.475"/>
  <testcase name="testTranslation[testdata/translation/classes/BinarySearch.java]" classname="notquitejava.translation.FileTranslationTest" time="0.454"/>
  <testcase name="testTranslation[testdata/translation/classes/BinaryTree.java]" classname="notquitejava.translation.FileTranslationTest" time="0.355"/>
  <testcase name="testTranslation[testdata/translation/stmts/BasicTest.java]" classname="notquitejava.translation.FileTranslationTest" time="0.137"/>
  <testcase name="testTranslation[testdata/translation/stmts/MinimalProgram.java]" classname="notquitejava.translation.FileTranslationTest" time="0.192"/>
  <testcase name="testTranslation[testdata/translation/stmts/EmptyProgram.java]" classname="notquitejava.translation.FileTranslationTest" time="0.167"/>
  <testcase name="testTranslation[testdata/translation/stmts/TPOK_EmptyProgram.java]" classname="notquitejava.translation.FileTranslationTest" time="0.138"/>
  <testcase name="testTranslation[testdata/translation/stmts/TPOK_Autput.java]" classname="notquitejava.translation.FileTranslationTest" time="0.241"/>
  <testcase name="testTranslation[testdata/translation/stmts/TPOK_Negate.java]" classname="notquitejava.translation.FileTranslationTest" time="0.183"/>
  <testcase name="testTranslation[testdata/translation/stmts/MainTest.java]" classname="notquitejava.translation.FileTranslationTest" time="0.155"/>
  <testcase name="testTranslation[testdata/translation/stmts/1-PrintLiteral.java]" classname="notquitejava.translation.FileTranslationTest" time="0.248"/>
  <testcase name="testTranslation[testdata/translation/stmts/IntTest.java]" classname="notquitejava.translation.FileTranslationTest" time="0.179"/>
  <testcase name="testTranslation[testdata/translation/stmts/NegTest.java]" classname="notquitejava.translation.FileTranslationTest" time="0.163"/>
  <testcase name="testTranslation[testdata/translation/stmts/2-Add.java]" classname="notquitejava.translation.FileTranslationTest" time="0.21"/>
  <testcase name="testTranslation[testdata/translation/stmts/DivByZero.java]" classname="notquitejava.translation.FileTranslationTest" time="0.184"/>
  <testcase name="testTranslation[testdata/translation/stmts/PrecedenceTest.java]" classname="notquitejava.translation.FileTranslationTest" time="0.179"/>
  <testcase name="testTranslation[testdata/translation/stmts/BoolTest.java]" classname="notquitejava.translation.FileTranslationTest" time="0.226"/>
  <testcase name="testTranslation[testdata/translation/stmts/UnopTest.java]" classname="notquitejava.translation.FileTranslationTest" time="0.198"/>
  <testcase name="testTranslation[testdata/translation/stmts/IfTest.java]" classname="notquitejava.translation.FileTranslationTest" time="0.156"/>
  <testcase name="testTranslation[testdata/translation/stmts/PrintTest.java]" classname="notquitejava.translation.FileTranslationTest" time="0.135"/>
  <testcase name="testTranslation[testdata/translation/stmts/MainLocals.java]" classname="notquitejava.translation.FileTranslationTest" time="0.15"/>
  <testcase name="testTranslation[testdata/translation/stmts/Add5To3.java]" classname="notquitejava.translation.FileTranslationTest" time="0.13"/>
  <testcase name="testTranslation[testdata/translation/stmts/TPOK_substraction.java]" classname="notquitejava.translation.FileTranslationTest" time="0.124"/>
  <testcase name="testTranslation[testdata/translation/stmts/MainTest3.java]" classname="notquitejava.translation.FileTranslationTest" time="0.164"/>
  <testcase name="testTranslation[testdata/translation/stmts/WhileTest.java]" classname="notquitejava.translation.FileTranslationTest" time="0.207"/>
  <testcase name="testTranslation[testdata/translation/stmts/TPOK_Addition.java]" classname="notquitejava.translation.FileTranslationTest" time="0.144"/>
  <testcase name="testTranslation[testdata/translation/stmts/TPOK_ConditionalTrue.java]" classname="notquitejava.translation.FileTranslationTest" time="0.344"/>
  <testcase name="testTranslation[testdata/translation/stmts/IfTrue.java]" classname="notquitejava.translation.FileTranslationTest" time="0.252"/>
  <testcase name="testTranslation[testdata/translation/stmts/TPOK_ConditionalFalse.java]" classname="notquitejava.translation.FileTranslationTest" time="0.274"/>
  <testcase name="testTranslation[testdata/translation/stmts/IfFalse.java]" classname="notquitejava.translation.FileTranslationTest" time="0.17"/>
  <testcase name="testTranslation[testdata/translation/stmts/IdentifierTest.java]" classname="notquitejava.translation.FileTranslationTest" time="0.142"/>
  <testcase name="testTranslation[testdata/translation/stmts/BasicArithmetic.java]" classname="notquitejava.translation.FileTranslationTest" time="0.138"/>
  <testcase name="testTranslation[testdata/translation/stmts/WhileFalse.java]" classname="notquitejava.translation.FileTranslationTest" time="0.172"/>
  <testcase name="testTranslation[testdata/translation/stmts/PrintConst.java]" classname="notquitejava.translation.FileTranslationTest" time="0.169"/>
  <testcase name="testTranslation[testdata/translation/stmts/WhileFalseVar.java]" classname="notquitejava.translation.FileTranslationTest" time="0.181"/>
  <testcase name="testTranslation[testdata/translation/stmts/MainTest2.java]" classname="notquitejava.translation.FileTranslationTest" time="0.17"/>
  <testcase name="testTranslation[testdata/translation/stmts/MulAdd.java]" classname="notquitejava.translation.FileTranslationTest" time="0.218"/>
  <testcase name="testTranslation[testdata/translation/stmts/TPOK_Boolean.java]" classname="notquitejava.translation.FileTranslationTest" time="0.163"/>
  <testcase name="testTranslation[testdata/translation/stmts/AssignLocal.java]" classname="notquitejava.translation.FileTranslationTest" time="0.134"/>
  <testcase name="testTranslation[testdata/translation/stmts/BinopTest.java]" classname="notquitejava.translation.FileTranslationTest" time="0.144"/>
  <testcase name="testTranslation[testdata/translation/stmts/TPOK_ConditionalMore.java]" classname="notquitejava.translation.FileTranslationTest" time="0.139"/>
  <testcase name="testTranslation[testdata/translation/stmts/TPOK_Not.java]" classname="notquitejava.translation.FileTranslationTest" time="0.112"/>
  <testcase name="testTranslation[testdata/translation/stmts/TPOK_While.java]" classname="notquitejava.translation.FileTranslationTest" time="0.128"/>
  <testcase name="testTranslation[testdata/translation/stmts/AndTest.java]" classname="notquitejava.translation.FileTranslationTest" time="0.242"/>
  <testcase name="testTranslation[testdata/translation/stmts/Simple.java]" classname="notquitejava.translation.FileTranslationTest" time="0.13"/>
  <testcase name="testTranslation[testdata/translation/stmts/OperatorChainingTest.java]" classname="notquitejava.translation.FileTranslationTest" time="0.131"/>
  <testcase name="testTranslation[testdata/translation/stmts/OperatorTest.java]" classname="notquitejava.translation.FileTranslationTest" time="0.237"/>
  <testcase name="testTranslation[testdata/translation/stmts/WhileAnd.java]" classname="notquitejava.translation.FileTranslationTest" time="0.115"/>
  <testcase name="testTranslation[testdata/translation/stmts/TPOK_ConditionalMoreMore.java]" classname="notquitejava.translation.FileTranslationTest" time="0.113"/>
  <testcase name="testTranslation[testdata/translation/stmts/TPOK_And.java]" classname="notquitejava.translation.FileTranslationTest" time="0.123"/>
  <testcase name="testTranslation[testdata/translation/stmts/NotExpr.java]" classname="notquitejava.translation.FileTranslationTest" time="0.178"/>
  <testcase name="testTranslation[testdata/translation/stmts/BlockComments1.java]" classname="notquitejava.translation.FileTranslationTest" time="0.109"/>
  <testcase name="testTranslation[testdata/translation/stmts/SimpleNot.java]" classname="notquitejava.translation.FileTranslationTest" time="0.122"/>
  <testcase name="testTranslation[testdata/translation/stmts/WhileVar.java]" classname="notquitejava.translation.FileTranslationTest" time="0.14"/>
  <testcase name="testTranslation[testdata/translation/stmts/AndExpression.java]" classname="notquitejava.translation.FileTranslationTest" time="0.199"/>
  <testcase name="testTranslation[testdata/translation/stmts/TPOK_While2.java]" classname="notquitejava.translation.FileTranslationTest" time="0.118"/>
  <testcase name="testTranslation[testdata/translation/stmts/If.java]" classname="notquitejava.translation.FileTranslationTest" time="0.119"/>
  <testcase name="testTranslation[testdata/translation/stmts/IfLessTest.java]" classname="notquitejava.translation.FileTranslationTest" time="0.14"/>
  <testcase name="testTranslation[testdata/translation/stmts/IfAnd.java]" classname="notquitejava.translation.FileTranslationTest" time="0.158"/>
  <testcase name="testTranslation[testdata/translation/arrays/ArrayAlloc_RuntimeError.java]" classname="notquitejava.translation.FileTranslationTest" time="0.107"/>
  <testcase name="testTranslation[testdata/translation/arrays/ArraySize.java]" classname="notquitejava.translation.FileTranslationTest" time="0.132"/>
  <testcase name="testTranslation[testdata/translation/arrays/ArrayLength.java]" classname="notquitejava.translation.FileTranslationTest" time="0.139"/>
  <testcase name="testTranslation[testdata/translation/arrays/ArrayStoreNeg_RuntimeError.java]" classname="notquitejava.translation.FileTranslationTest" time="0.137"/>
  <testcase name="testTranslation[testdata/translation/arrays/ArrayErrorReadPastEnd.java]" classname="notquitejava.translation.FileTranslationTest" time="0.121"/>
  <testcase name="testTranslation[testdata/translation/arrays/ArrayErrorWritePastEnd.java]" classname="notquitejava.translation.FileTranslationTest" time="0.15"/>
  <testcase name="testTranslation[testdata/translation/arrays/ArrayErrorAllocNegative.java]" classname="notquitejava.translation.FileTranslationTest" time="0.121"/>
  <testcase name="testTranslation[testdata/translation/arrays/ArrayTest.java]" classname="notquitejava.translation.FileTranslationTest" time="0.187"/>
  <testcase name="testTranslation[testdata/translation/arrays/ArrayOkSize0.java]" classname="notquitejava.translation.FileTranslationTest" time="0.164"/>
  <testcase name="testTranslation[testdata/translation/arrays/ArrayErrorReadPastBeginning.java]" classname="notquitejava.translation.FileTranslationTest" time="0.146"/>
  <testcase name="testTranslation[testdata/translation/arrays/ArrayLookOutofBounds_RuntimeError.java]" classname="notquitejava.translation.FileTranslationTest" time="0.144"/>
  <testcase name="testTranslation[testdata/translation/arrays/ArrayErrorWritePastBeginning.java]" classname="notquitejava.translation.FileTranslationTest" time="0.184"/>
  <testcase name="testTranslation[testdata/translation/arrays/ArrayAlloc2.java]" classname="notquitejava.translation.FileTranslationTest" time="0.139"/>
  <testcase name="testTranslation[testdata/translation/arrays/ArrayOfArraysNull.java]" classname="notquitejava.translation.FileTranslationTest" time="0.151"/>
  <testcase name="testTranslation[testdata/translation/arrays/ArrayAllocStore.java]" classname="notquitejava.translation.FileTranslationTest" time="0.141"/>
  <testcase name="testTranslation[testdata/translation/arrays/ArrayAcc.java]" classname="notquitejava.translation.FileTranslationTest" time="0.195"/>
  <testcase name="testTranslation[testdata/translation/arrays/ArrayOfArrays3.java]" classname="notquitejava.translation.FileTranslationTest" time="0.177"/>
  <testcase name="testTranslation[testdata/translation/arrays/ArrayOk.java]" classname="notquitejava.translation.FileTranslationTest" time="0.147"/>
  <testcase name="testTranslation[testdata/translation/arrays/ArrayAllocInit.java]" classname="notquitejava.translation.FileTranslationTest" time="0.345"/>
  <testcase name="testTranslation[testdata/translation/arrays/ArrayStorePosOutofBounds_RuntimeError.java]" classname="notquitejava.translation.FileTranslationTest" time="0.213"/>
  <testcase name="testTranslation[testdata/translation/arrays/ArrayOfArrays1.java]" classname="notquitejava.translation.FileTranslationTest" time="0.258"/>
  <testcase name="testTranslation[testdata/translation/arrays/ArrayOfArrays2.java]" classname="notquitejava.translation.FileTranslationTest" time="0.152"/>
  <testcase name="testTranslation[testdata/translation/additional/portfolio_paramLocalVar_OK.java]" classname="notquitejava.translation.FileTranslationTest" time="0.146"/>
  <testcase name="testTranslation[testdata/translation/additional/portfolio_fieldMethodSameName_OK.java]" classname="notquitejava.translation.FileTranslationTest" time="0.123"/>
  <testcase name="testTranslation[testdata/translation/additional/portfolio_simpleClass_OK.java]" classname="notquitejava.translation.FileTranslationTest" time="0.115"/>
  <testcase name="testTranslation[testdata/translation/additional/portfolio_simpleClassWithArray_OK.java]" classname="notquitejava.translation.FileTranslationTest" time="0.121"/>
  <testcase name="testTranslation[testdata/translation/additional/portfolio_qualifiedMethodName_OK.java]" classname="notquitejava.translation.FileTranslationTest" time="0.155"/>
  <testcase name="testTranslation[testdata/translation/additional/portfolio_simpleClassOverriding_OK.java]" classname="notquitejava.translation.FileTranslationTest" time="0.13"/>
  <testcase name="testTranslation[testdata/translation/additional/portfolio_unqualifiedMethodName_OK.java]" classname="notquitejava.translation.FileTranslationTest" time="0.121"/>
  <testcase name="testTranslation[testdata/translation/additional/portfolio_hidingOOP_OK.java]" classname="notquitejava.translation.FileTranslationTest" time="0.167"/>
  <testcase name="testTranslation[testdata/translation/additional/portfolio_cycleOOP_OK.java]" classname="notquitejava.translation.FileTranslationTest" time="0.181"/>
  <testcase name="testTranslation[testdata/translation/additional/portfolio_simpleClassOverloading_OK.java]" classname="notquitejava.translation.FileTranslationTest" time="0.123"/>
  <testcase name="testTranslation[testdata/translation/additional/portfolio_shadowingOOP_OK.java]" classname="notquitejava.translation.FileTranslationTest" time="0.163"/>
  <testcase name="testTranslation[testdata/translation/additional/portfolio_globalLocalMethod_OK.java]" classname="notquitejava.translation.FileTranslationTest" time="0.16"/>
  <testcase name="testTranslation[testdata/translation/additional/portfolio_simpleClassSameMetodName_OK.java]" classname="notquitejava.translation.FileTranslationTest" time="0.126"/>
  <testcase name="testTranslation[testdata/translation/additional/portfolio_simpleClassOverloadingInheretance_OK.java]" classname="notquitejava.translation.FileTranslationTest" time="0.114"/>
  <testcase name="testTranslation[testdata/translation/additional/portfolio_simpleClassOverloadingInheretanceII_OK.java]" classname="notquitejava.translation.FileTranslationTest" time="0.141"/>
  <testcase name="testTranslation[testdata/typechecker/ok/template/QuickSort.java]" classname="notquitejava.translation.FileTranslationTest" time="0.193"/>
  <testcase name="testTranslation[testdata/typechecker/ok/template/TreeVisitor.java]" classname="notquitejava.translation.FileTranslationTest" time="0.418"/>
  <testcase name="testTranslation[testdata/typechecker/ok/template/BinaryTree.java]" classname="notquitejava.translation.FileTranslationTest" time="0.363"/>
  <system-out><![CDATA[]]></system-out>
  <system-err><![CDATA[]]></system-err>
</testsuite>
